Duplicate record count: 1
Number of partitions: 1
+---+-------------------------------------------+
|id |settings                                   |
+---+-------------------------------------------+
|1  |{background -> TRUE, notification -> FALSE}|
|2  |{background -> notDetermined}              |
|3  |{refresh -> 4}                             |
|4  |{yyyy -> TRUE}                             |
+---+-------------------------------------------+

---------------2023-11-04---------------
Duplicate record count: 1
Number of partitions: 1
+---+-------------------------------------------+
|id |settings                                   |
+---+-------------------------------------------+
|1  |{background -> TRUE, notification -> FALSE}|
|2  |{background -> notDetermined}              |
|3  |{refresh -> 4}                             |
|4  |{yyyy -> TRUE}                             |
+---+-------------------------------------------+

---------------2023-11-04---------------
Duplicate record count: 1
Number of partitions: 1
+---+-------------------------------------------+
|id |settings                                   |
+---+-------------------------------------------+
|1  |{background -> TRUE, notification -> FALSE}|
|2  |{background -> notDetermined}              |
|3  |{refresh -> 4}                             |
|4  |{yyyy -> TRUE}                             |
+---+-------------------------------------------+

---------------2023-11-04---------------
Duplicate record count: 1
Number of partitions: 1
+---+-------------------------------------------+
|id |settings                                   |
+---+-------------------------------------------+
|1  |{background -> TRUE, notification -> FALSE}|
|2  |{background -> notDetermined}              |
|3  |{refresh -> 4}                             |
|4  |{yyyy -> TRUE}                             |
+---+-------------------------------------------+

---------------2023-11-04---------------
---------------2023-11-04---------------
Duplicate record count: 1
Number of partitions: 1
+---+-------------------------------------------+
|id |settings                                   |
+---+-------------------------------------------+
|1  |{background -> TRUE, notification -> FALSE}|
|2  |{background -> notDetermined}              |
|3  |{refresh -> 4}                             |
|4  |{yyyy -> TRUE}                             |
+---+-------------------------------------------+

---------------2023-11-04---------------
Duplicate record count: 1
Number of partitions: 1
+---+-------------------------------------------+
|id |settings                                   |
+---+-------------------------------------------+
|1  |{background -> TRUE, notification -> FALSE}|
|2  |{background -> notDetermined}              |
|3  |{refresh -> 4}                             |
|4  |{yyyy -> TRUE}                             |
+---+-------------------------------------------+

