---------------2023-11-05---------------
File not found in /Users/hasitha/Documents/Progamming/truecaller-assesment/event_data/
---------------2023-11-05---------------
Duplicate record count: 1
Number of partitions: 1
+---+-------------------------------------------+
|id |settings                                   |
+---+-------------------------------------------+
|1  |{background -> TRUE, notification -> FALSE}|
|2  |{background -> notDetermined}              |
|3  |{refresh -> 4}                             |
|4  |{yyyy -> TRUE}                             |
+---+-------------------------------------------+

---------------2023-11-05---------------
Duplicate record count: 1
Number of partitions: 1
+---+-------------------------------------------+
|id |settings                                   |
+---+-------------------------------------------+
|1  |{background -> TRUE, notification -> FALSE}|
|2  |{background -> notDetermined}              |
|3  |{refresh -> 4}                             |
|4  |{yyyy -> TRUE}                             |
+---+-------------------------------------------+

